<?xml version="1.0" encoding="UTF-8"?>
<testsuite xmlns:xsi="http://www.w3.org/2001/XMLSchema-instance" xsi:noNamespaceSchemaLocation="https://maven.apache.org/surefire/maven-surefire-plugin/xsd/surefire-test-report.xsd" name="TestSuite" time="39.247" tests="4" errors="0" skipped="0" failures="1">
  <properties>
[...]
</properties>
  <testcase name="Test" classname="com.goavegaInterview.tests.HomePageTest" time="0.006"/>
  <testcase name="loginToApplication" classname="com.goavegaInterview.tests.HomePageTest" time="10.577"/>
  <testcase name="Test" classname="com.goavegaInterview.tests.DashboardTest" time="0.001"/>
  <testcase name="acccessUserPage" classname="com.goavegaInterview.tests.DashboardTest" time="11.546">
    <failure message="element click intercepted: Element &lt;a href=&quot;/User&quot; data-currentpage=&quot;users&quot;&gt;...&lt;/a&gt; is not clickable at point (30, 200). Other element would receive the click: &lt;div id=&quot;mCSB_7_container&quot; class=&quot;mCSB_container&quot; style=&quot;position:relative; top:0; left:0;&quot; dir=&quot;ltr&quot;&gt;...&lt;/div&gt;&#10;  (Session info: chrome=84.0.4147.89)&#10;Build info: version: &apos;3.141.59&apos;, revision: &apos;e82be7d358&apos;, time: &apos;2018-11-14T08:17:03&apos;&#10;System info: host: &apos;DESKTOP-SUL59HV&apos;, ip: &apos;192.168.0.102&apos;, os.name: &apos;Windows 10&apos;, os.arch: &apos;amd64&apos;, os.version: &apos;10.0&apos;, java.version: &apos;13.0.1&apos;&#10;Driver info: org.openqa.selenium.chrome.ChromeDriver&#10;Capabilities {acceptInsecureCerts: false, browserName: chrome, browserVersion: 84.0.4147.89, chrome: {chromedriverVersion: 83.0.4103.39 (ccbf011cb2d2b..., userDataDir: C:\Users\Admin\AppData\Loca...}, goog:chromeOptions: {debuggerAddress: localhost:53779}, javascriptEnabled: true, networkConnectionEnabled: false, pageLoadStrategy: normal, platform: WINDOWS, platformName: WINDOWS, proxy: Proxy(), setWindowRect: true, strictFileInteractability: false, timeouts: {implicit: 0, pageLoad: 300000, script: 30000}, unhandledPromptBehavior: dismiss and notify, webauthn:virtualAuthenticators: true}&#10;Session ID: 1437d1eb50e009f30a296d87c09f04bf" type="org.openqa.selenium.ElementClickInterceptedException"><![CDATA[org.openqa.selenium.ElementClickInterceptedException: 
element click intercepted: Element <a href="/User" data-currentpage="users">...</a> is not clickable at point (30, 200). Other element would receive the click: <div id="mCSB_7_container" class="mCSB_container" style="position:relative; top:0; left:0;" dir="ltr">...</div>
  (Session info: chrome=84.0.4147.89)
Build info: version: '3.141.59', revision: 'e82be7d358', time: '2018-11-14T08:17:03'
System info: host: 'DESKTOP-SUL59HV', ip: '192.168.0.102', os.name: 'Windows 10', os.arch: 'amd64', os.version: '10.0', java.version: '13.0.1'
Driver info: org.openqa.selenium.chrome.ChromeDriver
Capabilities {acceptInsecureCerts: false, browserName: chrome, browserVersion: 84.0.4147.89, chrome: {chromedriverVersion: 83.0.4103.39 (ccbf011cb2d2b..., userDataDir: C:\Users\Admin\AppData\Loca...}, goog:chromeOptions: {debuggerAddress: localhost:53779}, javascriptEnabled: true, networkConnectionEnabled: false, pageLoadStrategy: normal, platform: WINDOWS, platformName: WINDOWS, proxy: Proxy(), setWindowRect: true, strictFileInteractability: false, timeouts: {implicit: 0, pageLoad: 300000, script: 30000}, unhandledPromptBehavior: dismiss and notify, webauthn:virtualAuthenticators: true}
Session ID: 1437d1eb50e009f30a296d87c09f04bf
	at com.goavegaInterview.tests.DashboardTest.acccessUserPage(DashboardTest.java:12)
]]></failure>
  </testcase>
</testsuite>